[22:00:02] 📊 每日總結：2026-03-25
[22:00:02]    推文 6 則，信號 6 則
[22:00:02]    [en] 265 chars
[22:00:02]    [zh] 117 chars
[22:00:02]    [ja] 128 chars
[22:00:02]    ❌ 主推失敗: HTTP 401: {
  "title": "Unauthorized",
  "type": "about:blank",
  "status": 401,
{
  "ok": false,
  "error": "HTTP 401: {\n  \"title\": \"Unauthorized\",\n  \"type\": \"about:blank\",\n  \"status\": 401,\n  \"detail\": \"Unauthorized\"\n}"
}
[22:00:04] 📊 每日總結：2026-03-26
[22:00:04]    推文 8 則，信號 8 則
[22:00:04]    [en] 265 chars
[22:00:04]    [zh] 118 chars
[22:00:04]    [ja] 129 chars
[22:00:04]    ❌ 主推失敗: HTTP 401: {
  "title": "Unauthorized",
  "type": "about:blank",
  "status": 401,
{
  "ok": false,
  "error": "HTTP 401: {\n  \"title\": \"Unauthorized\",\n  \"type\": \"about:blank\",\n  \"status\": 401,\n  \"detail\": \"Unauthorized\"\n}"
}
[22:00:03] 📊 每日總結：2026-03-27
[22:00:03]    推文 2 則，信號 2 則
[22:00:03]    [en] 236 chars
[22:00:03]    [zh] 113 chars
[22:00:03]    [ja] 124 chars
[22:00:03]    ❌ 主推失敗: HTTP 401: {
  "title": "Unauthorized",
  "type": "about:blank",
  "status": 401,
{
  "ok": false,
  "error": "HTTP 401: {\n  \"title\": \"Unauthorized\",\n  \"type\": \"about:blank\",\n  \"status\": 401,\n  \"detail\": \"Unauthorized\"\n}"
}
[22:00:04] 📊 每日總結：2026-03-28
[22:00:04]    推文 1 則，信號 1 則
[22:00:04]    [en] 224 chars
[22:00:04]    [zh] 102 chars
[22:00:04]    [ja] 113 chars
[22:00:05]    ❌ 主推失敗: HTTP 401: {
  "title": "Unauthorized",
  "type": "about:blank",
  "status": 401,
{
  "ok": false,
  "error": "HTTP 401: {\n  \"title\": \"Unauthorized\",\n  \"type\": \"about:blank\",\n  \"status\": 401,\n  \"detail\": \"Unauthorized\"\n}"
}
[22:00:02] 📊 每日總結：2026-03-29
[22:00:02]    推文 0 則，信號 0 則
[22:00:02]    今天沒有推文，跳過
{
  "ok": false,
  "error": "No posts today"
}
[22:00:02] 📊 每日總結：2026-03-30
[22:00:02]    推文 4 則，信號 4 則
[22:00:02]    [en] 249 chars
[22:00:02]    [zh] 116 chars
[22:00:02]    [ja] 127 chars
[22:00:02]    ❌ 主推失敗: HTTP 401: {
  "title": "Unauthorized",
  "type": "about:blank",
  "status": 401,
{
  "ok": false,
  "error": "HTTP 401: {\n  \"title\": \"Unauthorized\",\n  \"type\": \"about:blank\",\n  \"status\": 401,\n  \"detail\": \"Unauthorized\"\n}"
}
[22:00:00] 📊 每日總結：2026-03-31
[22:00:00]    推文 3 則，信號 3 則
[22:00:00]    [en] 240 chars
[22:00:00]    [zh] 117 chars
[22:00:00]    [ja] 128 chars
[22:00:00]    ❌ 主推失敗: HTTP 401: {
  "title": "Unauthorized",
  "type": "about:blank",
  "status": 401,
{
  "ok": false,
  "error": "HTTP 401: {\n  \"title\": \"Unauthorized\",\n  \"type\": \"about:blank\",\n  \"status\": 401,\n  \"detail\": \"Unauthorized\"\n}"
}
[22:00:06] 📊 每日總結：2026-04-01
[22:00:06]    推文 2 則，信號 2 則
[22:00:06]    [en] 258 chars
[22:00:06]    [zh] 110 chars
[22:00:06]    [ja] 121 chars
[22:00:07]    ❌ 主推失敗: HTTP 401: {
  "title": "Unauthorized",
  "type": "about:blank",
  "status": 401,
{
  "ok": false,
  "error": "HTTP 401: {\n  \"title\": \"Unauthorized\",\n  \"type\": \"about:blank\",\n  \"status\": 401,\n  \"detail\": \"Unauthorized\"\n}"
}
[22:00:01] 📊 每日總結：2026-04-02
[22:00:01]    推文 1 則，信號 1 則
[22:00:01]    [en] 233 chars
[22:00:01]    [zh] 110 chars
[22:00:01]    [ja] 121 chars
[22:00:01]    ❌ 主推失敗: HTTP 401: {
  "title": "Unauthorized",
  "type": "about:blank",
  "status": 401,
{
  "ok": false,
  "error": "HTTP 401: {\n  \"title\": \"Unauthorized\",\n  \"type\": \"about:blank\",\n  \"status\": 401,\n  \"detail\": \"Unauthorized\"\n}"
}
[22:00:01] 📊 每日總結：2026-04-03
[22:00:01]    推文 5 則，信號 5 則
[22:00:01]    [en] 268 chars
[22:00:01]    [zh] 120 chars
[22:00:01]    [ja] 131 chars
[22:00:01]    ❌ 主推失敗: HTTP 401: {
  "title": "Unauthorized",
  "type": "about:blank",
  "status": 401,
{
  "ok": false,
  "error": "HTTP 401: {\n  \"title\": \"Unauthorized\",\n  \"type\": \"about:blank\",\n  \"status\": 401,\n  \"detail\": \"Unauthorized\"\n}"
}
[22:00:01] 📊 每日總結：2026-04-04
[22:00:01]    推文 4 則，信號 4 則
[22:00:01]    [en] 262 chars
[22:00:01]    [zh] 117 chars
[22:00:01]    [ja] 128 chars
[22:00:01]    ❌ 主推失敗: HTTP 401: {
  "title": "Unauthorized",
  "type": "about:blank",
  "status": 401,
{
  "ok": false,
  "error": "HTTP 401: {\n  \"title\": \"Unauthorized\",\n  \"type\": \"about:blank\",\n  \"status\": 401,\n  \"detail\": \"Unauthorized\"\n}"
}
