[12:35:00] 📡 RSS 掃描: 100 篇, 100 篇新的 (480ms)
[12:35:00]   🆕 新推文偵測！
[12:35:00]      ID: 116263751750331124
[12:35:00]      時間: Fri, 20 Mar 2026 22:01:03 +0000
[12:35:00]      偵測延遲: 52437.5秒
[12:35:00]      內容: The Great State of Colorado, and a pathetic RINO District Attorney, together with the Radical Left G...
[12:35:00]      ⚪ 無信號 (0ms)
[12:35:00]   🆕 新推文偵測！
[12:35:00]      ID: 116263563453969628
[12:35:00]      時間: Fri, 20 Mar 2026 21:13:10 +0000
[12:35:00]      偵測延遲: 55310.5秒
[12:35:00]      內容: We are getting very close to meeting our objectives as we consider winding down our great Military e...
[12:35:00]      ⚪ 無信號 (0ms)
[12:35:00]   🆕 新推文偵測！
[12:35:00]      ID: 116262998779773636
[12:35:00]      時間: Fri, 20 Mar 2026 18:49:34 +0000
[12:35:00]      偵測延遲: 63926.5秒
[12:35:00]      內容: ...
[12:35:00]      ⚪ 無信號 (0ms)
[12:35:00]   🆕 新推文偵測！
[12:35:00]      ID: 116261847910261480
[12:35:00]      時間: Fri, 20 Mar 2026 13:56:53 +0000
[12:35:00]      偵測延遲: 81487.5秒
[12:35:00]      內容: I met with Hope Scheppelman and her husband Steven, of the Radical Left State of Colorado, to discus...
[12:35:00]      📡 信號: THREAT(65%), BEARISH(65%) (0ms)
[12:35:00]      🎯 預測: DOWN (65%) | 0多/2空 (0ms)
[12:35:00]      ⏱️ 全鏈路: 偵測81488s + 分類0ms + 預測0ms = 共81487.5s
[12:35:00]      💰 Polymarket: 等待錢包設定...
[12:35:00]   🆕 新推文偵測！
[12:35:00]      ID: 116261796648776538
[12:35:00]      時間: Fri, 20 Mar 2026 13:43:51 +0000
[12:35:00]      偵測延遲: 82269.5秒
[12:35:00]      內容: Without the U.S.A., NATO IS A PAPER TIGER! They didn’t want to join the fight to stop a Nuclear Powe...
[12:35:00]      ⚪ 無信號 (0ms)
[12:35:00]   🆕 新推文偵測！
[12:35:00]      ID: 116261732231179804
[12:35:00]      時間: Fri, 20 Mar 2026 13:27:28 +0000
[12:35:00]      偵測延遲: 83252.5秒
[12:35:00]      內容: THE SAVE AMERICA ACT MUST BE PASSED BY THE SENATE. THERE IS NOTHING THAT IS MORE IMPORTANT FOR THE U...
[12:35:00]      ⚪ 無信號 (0ms)
[12:35:00]   🆕 新推文偵測！
[12:35:00]      ID: 116261712648536578
[12:35:00]      時間: Fri, 20 Mar 2026 13:22:29 +0000
[12:35:00]      偵測延遲: 83551.5秒
[12:35:00]      內容: CONGRESS, PASS THE FARM BILL, NOW! President DJT...
[12:35:00]      ⚪ 無信號 (0ms)
[12:35:00]   🆕 新推文偵測！
[12:35:00]      ID: 116257915423728314
[12:35:00]      時間: Thu, 19 Mar 2026 21:16:48 +0000
[12:35:00]      偵測延遲: 141492.5秒
[12:35:00]      內容: They Threw Everything They Had at Donald Trump. He’s Still Standing. America Is Better For It:...
[12:35:00]      ⚪ 無信號 (0ms)
[12:35:00]   🆕 新推文偵測！
[12:35:00]      ID: 116257827130389641
[12:35:00]      時間: Thu, 19 Mar 2026 20:54:21 +0000
[12:35:00]      偵測延遲: 142839.5秒
[12:35:00]      內容: GAVIN M. WAX: Trump Quietly Set Up Future Of American Manufacturing With Stroke Of A Pen:...
[12:35:00]      ⚪ 無信號 (0ms)
[12:35:00]   🆕 新推文偵測！
[12:35:00]      ID: 116257826369374629
[12:35:00]      時間: Thu, 19 Mar 2026 20:54:09 +0000
[12:35:00]      偵測延遲: 142851.5秒
[12:35:00]      內容: You Should Be Terrified by What JPMorgan Did to Trump:...
[12:35:00]      ⚪ 無信號 (0ms)
[12:35:00]   🆕 新推文偵測！
[12:35:00]      ID: 116257824115129532
[12:35:00]      時間: Thu, 19 Mar 2026 20:53:35 +0000
[12:35:00]      偵測延遲: 142885.5秒
[12:35:00]      內容: Ex-police chief says Trump told him 'thank goodness you're stopping' Epstein in 2000s:...
[12:35:00]      ⚪ 無信號 (0ms)
[12:35:00]   🆕 新推文偵測！
[12:35:00]      ID: 116257685258900412
[12:35:00]      時間: Thu, 19 Mar 2026 20:18:16 +0000
[12:35:00]      偵測延遲: 145004.5秒
[12:35:00]      內容: ...
[12:35:00]      ⚪ 無信號 (0ms)
[12:35:00]   🆕 新推文偵測！
[12:35:00]      ID: 116256226651705916
[12:35:00]      時間: Thu, 19 Mar 2026 14:07:19 +0000
[12:35:00]      偵測延遲: 167261.5秒
[12:35:00]      內容: Passing The Save America Act Is Indispensable To Preserve Representative Democracy:...
[12:35:00]      ⚪ 無信號 (0ms)
[12:35:00]   🆕 新推文偵測！
[12:35:00]      ID: 116256225070534165
[12:35:00]      時間: Thu, 19 Mar 2026 14:06:55 +0000
[12:35:00]      偵測延遲: 167285.5秒
[12:35:00]      內容: Michael Whatley is so Great! Running against a really bad former Governor who set murderers free to ...
[12:35:00]      ⚪ 無信號 (0ms)
[12:35:00]   🆕 新推文偵測！
[12:35:00]      ID: 116256221612685192
[12:35:00]      時間: Thu, 19 Mar 2026 14:06:02 +0000
[12:35:00]      偵測延遲: 167338.5秒
[12:35:00]      內容: Britain had meltdown when China hacked voter files, but U.S. intel kept it secret in America:...
[12:35:00]      ⚪ 無信號 (0ms)
[12:35:00]   🆕 新推文偵測！
[12:35:00]      ID: 116256220292711449
[12:35:00]      時間: Thu, 19 Mar 2026 14:05:42 +0000
[12:35:00]      偵測延遲: 167358.5秒
[12:35:00]      內容: President Trump Has Prevented Another Holocaust:...
[12:35:00]      ⚪ 無信號 (0ms)
[12:35:00]   🆕 新推文偵測！
[12:35:00]      ID: 116256219531850396
[12:35:00]      時間: Thu, 19 Mar 2026 14:05:31 +0000
[12:35:00]      偵測延遲: 167369.5秒
[12:35:00]      內容: Asia-Pacific Allies Ink $56 Billion in Deals with US Companies at Tokyo Forum, Burgum Says:...
[12:35:00]      📡 信號: DEAL(65%) (0ms)
[12:35:00]      🎯 預測: UP (65%) | 1多/0空 (0ms)
[12:35:00]      ⏱️ 全鏈路: 偵測167370s + 分類0ms + 預測0ms = 共167369.5s
[12:35:00]      💰 Polymarket: 等待錢包設定...
[12:35:00]   🆕 新推文偵測！
[12:35:00]      ID: 116256218451397252
[12:35:00]      時間: Thu, 19 Mar 2026 14:05:14 +0000
[12:35:00]      偵測延遲: 167386.5秒
[12:35:00]      內容: The Left Is Petrified That Trump Will Succeed in Iran and Expose Them As Mind-Twisted Frauds:...
[12:35:00]      ⚪ 無信號 (0ms)
[12:35:00]   🆕 新推文偵測！
[12:35:00]      ID: 116256217083523012
[12:35:00]      時間: Thu, 19 Mar 2026 14:04:53 +0000
[12:35:00]      偵測延遲: 167407.5秒
[12:35:00]      內容: Khamenei’s Unforced Errors Proved Fatal:...
[12:35:00]      ⚪ 無信號 (0ms)
[12:35:00]   🆕 新推文偵測！
[12:35:00]      ID: 116256215639879243
[12:35:00]      時間: Thu, 19 Mar 2026 14:04:31 +0000
[12:35:00]      偵測延遲: 167429.5秒
[12:35:00]      內容: MORNING GLORY: Why Trump must finish what he started with Iran’s regime:...
[12:35:00]      ⚪ 無信號 (0ms)
[12:35:00]   🆕 新推文偵測！
[12:35:00]      ID: 116256214426681641
[12:35:00]      時間: Thu, 19 Mar 2026 14:04:13 +0000
[12:35:00]      偵測延遲: 167447.5秒
[12:35:00]      內容: From Douglas MacKinnon: “This is a photo from yesterday on the drive from LA to Palm Springs. Hundre...
[12:35:00]      ⚪ 無信號 (0ms)
[12:35:00]   🆕 新推文偵測！
[12:35:00]      ID: 116256204305007898
[12:35:00]      時間: Thu, 19 Mar 2026 14:01:38 +0000
[12:35:00]      偵測延遲: 167602.5秒
[12:35:00]      內容: Jon McNaughton working on The Forgotten Man in The Eisenhower Executive Office Building!...
[12:35:00]      ⚪ 無信號 (0ms)
[12:35:00]   🆕 新推文偵測！
[12:35:00]      ID: 116256171120186590
[12:35:00]      時間: Thu, 19 Mar 2026 13:53:12 +0000
[12:35:00]      偵測延遲: 168108.5秒
[12:35:00]      內容: ...
[12:35:00]      ⚪ 無信號 (0ms)
[12:35:00]   🆕 新推文偵測！
[12:35:00]      ID: 116255809955960965
[12:35:00]      時間: Thu, 19 Mar 2026 12:21:21 +0000
[12:35:00]      偵測延遲: 173619.5秒
[12:35:00]      內容: Media, lawmakers downplay threat from the Iran regime, but evidence shows the true scope of danger:...
[12:35:00]      ⚪ 無信號 (0ms)
[12:35:00]   🆕 新推文偵測！
[12:35:00]      ID: 116253527175738987
[12:35:00]      時間: Thu, 19 Mar 2026 02:40:48 +0000
[12:35:00]      偵測延遲: 208452.5秒
[12:35:00]      內容: Graham tears into European allies over Strait of Hormuz reluctance:...
[12:35:00]      ⚪ 無信號 (0ms)
[12:35:00]   🆕 新推文偵測！
[12:35:00]      ID: 116253388303392718
[12:35:00]      時間: Thu, 19 Mar 2026 02:05:29 +0000
[12:35:00]      偵測延遲: 210571.5秒
[12:35:00]      內容: Israel, out of anger for what has taken place in the Middle East, has violently lashed out at a majo...
[12:35:00]      ⚪ 無信號 (0ms)
[12:35:00]   🆕 新推文偵測！
[12:35:00]      ID: 116252861649863261
[12:35:00]      時間: Wed, 18 Mar 2026 23:51:33 +0000
[12:35:00]      偵測延遲: 218607.5秒
[12:35:00]      內容: FREE TINA PETERS, A 73-YEAR-OLD WOMAN, WITH CANCER, GIVEN A NINE YEAR DEATH SENTENCE IN A COLORADO P...
[12:35:00]      ⚪ 無信號 (0ms)
[12:35:00]   🆕 新推文偵測！
[12:35:00]      ID: 116252749732465975
[12:35:00]      時間: Wed, 18 Mar 2026 23:23:06 +0000
[12:35:00]      偵測延遲: 220314.5秒
[12:35:00]      內容: ...
[12:35:00]      ⚪ 無信號 (0ms)
[12:35:00]   🆕 新推文偵測！
[12:35:00]      ID: 116252723144189442
[12:35:00]      時間: Wed, 18 Mar 2026 23:16:20 +0000
[12:35:00]      偵測延遲: 220720.5秒
[12:35:00]      內容: ...
[12:35:00]      ⚪ 無信號 (0ms)
[12:35:00]   🆕 新推文偵測！
[12:35:00]      ID: 116252627848707423
[12:35:00]      時間: Wed, 18 Mar 2026 22:52:06 +0000
[12:35:00]      偵測延遲: 222174.5秒
[12:35:00]      內容: ...
[12:35:00]      ⚪ 無信號 (0ms)
[12:35:00]   🆕 新推文偵測！
[12:35:00]      ID: 116250298165333422
[12:35:00]      時間: Wed, 18 Mar 2026 12:59:38 +0000
[12:35:00]      偵測延遲: 257722.5秒
[12:35:00]      內容: RT: https://truthsocial.com/users/realDonaldTrump/statuses/116250297283069512...
[12:35:00]      ⚪ 無信號 (0ms)
[12:35:00]   🆕 新推文偵測！
[12:35:00]      ID: 116250297283069512
[12:35:00]      時間: Wed, 18 Mar 2026 12:59:24 +0000
[12:35:00]      偵測延遲: 257736.5秒
[12:35:00]      內容: ...
[12:35:00]      ⚪ 無信號 (0ms)
[12:35:00]   🆕 新推文偵測！
[12:35:00]      ID: 116250236426568567
[12:35:00]      時間: Wed, 18 Mar 2026 12:43:56 +0000
[12:35:00]      偵測延遲: 258664.5秒
[12:35:00]      內容: US allies need to get a grip – step up and help open the Strait of Hormuz:...
[12:35:00]      ⚪ 無信號 (0ms)
[12:35:00]   🆕 新推文偵測！
[12:35:00]      ID: 116250207334512491
[12:35:00]      時間: Wed, 18 Mar 2026 12:36:32 +0000
[12:35:00]      偵測延遲: 259108.5秒
[12:35:00]      內容: ...
[12:35:00]      ⚪ 無信號 (0ms)
[12:35:00]   🆕 新推文偵測！
[12:35:00]      ID: 116250206644518855
[12:35:00]      時間: Wed, 18 Mar 2026 12:36:21 +0000
[12:35:00]      偵測延遲: 259119.5秒
[12:35:00]      內容: ...
[12:35:00]      ⚪ 無信號 (0ms)
[12:35:00]   🆕 新推文偵測！
[12:35:00]      ID: 116250205888594298
[12:35:00]      時間: Wed, 18 Mar 2026 12:36:10 +0000
[12:35:00]      偵測延遲: 259130.5秒
[12:35:00]      內容: ...
[12:35:00]      ⚪ 無信號 (0ms)
[12:35:00]   🆕 新推文偵測！
[12:35:00]      ID: 116250204937254737
[12:35:00]      時間: Wed, 18 Mar 2026 12:35:55 +0000
[12:35:00]      偵測延遲: 259145.5秒
[12:35:00]      內容: ...
[12:35:00]      ⚪ 無信號 (0ms)
[12:35:00]   🆕 新推文偵測！
[12:35:00]      ID: 116250203405172359
[12:35:00]      時間: Wed, 18 Mar 2026 12:35:32 +0000
[12:35:00]      偵測延遲: 259168.6秒
[12:35:00]      內容: I wonder what would happen if we “finished off” what’s left of the Iranian Terror State, and let the...
[12:35:00]      ⚪ 無信號 (0ms)
[12:35:00]   🆕 新推文偵測！
[12:35:00]      ID: 116250143939100110
[12:35:00]      時間: Wed, 18 Mar 2026 12:20:24 +0000
[12:35:00]      偵測延遲: 260076.6秒
[12:35:00]      內容: For all of the Fake News out there, it’s called THE SAVE AMERICA ACT, not the SAVE ACT. Nobody knows...
[12:35:00]      ⚪ 無信號 (0ms)
[12:35:00]   🆕 新推文偵測！
[12:35:00]      ID: 116250115423447200
[12:35:00]      時間: Wed, 18 Mar 2026 12:13:09 +0000
[12:35:00]      偵測延遲: 260511.6秒
[12:35:00]      內容: When is “Too Late” Powell lowering INTEREST RATES? President DJT...
[12:35:00]      ⚪ 無信號 (0ms)
[12:35:00]   🆕 新推文偵測！
[12:35:00]      ID: 116250068528701090
[12:35:00]      時間: Wed, 18 Mar 2026 12:01:14 +0000
[12:35:00]      偵測延遲: 261226.6秒
[12:35:00]      內容: Remember, for all of those absolute “fools” out there, Iran is considered, by everyone, to be the NU...
[12:35:00]      ⚪ 無信號 (0ms)
[12:35:00]   🆕 新推文偵測！
[12:35:00]      ID: 116249915914904632
[12:35:00]      時間: Wed, 18 Mar 2026 11:22:25 +0000
[12:35:00]      偵測延遲: 263555.6秒
[12:35:00]      內容: I wonder what would happen if we “finished off” what’s left of the Iranian Terror State, and let the...
[12:35:00]      ⚪ 無信號 (0ms)
[12:35:00]   🆕 新推文偵測！
[12:35:00]      ID: 116249873076369025
[12:35:00]      時間: Wed, 18 Mar 2026 11:11:31 +0000
[12:35:00]      偵測延遲: 264209.6秒
[12:35:00]      內容: The Democrat’s purposeful DHS SHUTDOWN is causing chaos at the airports. These Lunatics are being to...
[12:35:00]      ⚪ 無信號 (0ms)
[12:35:00]   🆕 新推文偵測！
[12:35:00]      ID: 116249447962443816
[12:35:00]      時間: Wed, 18 Mar 2026 09:23:25 +0000
[12:35:00]      偵測延遲: 270695.6秒
[12:35:00]      內容: Britain had meltdown when China hacked voter files, but U.S. intel kept it secret in America:...
[12:35:00]      ⚪ 無信號 (0ms)
[12:35:00]   🆕 新推文偵測！
[12:35:00]      ID: 116249435067996399
[12:35:00]      時間: Wed, 18 Mar 2026 09:20:08 +0000
[12:35:00]      偵測延遲: 270892.6秒
[12:35:00]      內容: Trump steamrolls over California’s anti-fossil fuel crusade to get oil flowing from offshore rigs:...
[12:35:00]      ⚪ 無信號 (0ms)
[12:35:00]   🆕 新推文偵測！
[12:35:00]      ID: 116247928951810982
[12:35:00]      時間: Wed, 18 Mar 2026 02:57:06 +0000
[12:35:00]      偵測延遲: 293874.6秒
[12:35:00]      內容: STATEHOOD!!! President DJT...
[12:35:00]      ⚪ 無信號 (0ms)
[12:35:00]   🆕 新推文偵測！
[12:35:00]      ID: 116247522086271962
[12:35:00]      時間: Wed, 18 Mar 2026 01:13:38 +0000
[12:35:00]      偵測延遲: 300082.6秒
[12:35:00]      內容: ...
[12:35:00]      ⚪ 無信號 (0ms)
[12:35:00]   🆕 新推文偵測！
[12:35:00]      ID: 116245182325726375
[12:35:00]      時間: Tue, 17 Mar 2026 15:18:36 +0000
[12:35:00]      偵測延遲: 335784.6秒
[12:35:00]      內容: The United States has been informed by most of our NATO “Allies” that they don’t want to get involve...
[12:35:00]      ⚪ 無信號 (0ms)
[12:35:00]   🆕 新推文偵測！
[12:35:00]      ID: 116244486426312346
[12:35:00]      時間: Tue, 17 Mar 2026 12:21:38 +0000
[12:35:00]      偵測延遲: 346402.6秒
[12:35:00]      內容: The Save America Act is one of the most IMPORTANT &amp; CONSEQUENTIAL pieces of legislation in the h...
[12:35:00]      ⚪ 無信號 (0ms)
[12:35:00]   🆕 新推文偵測！
[12:35:00]      ID: 116243698779273101
[12:35:00]      時間: Tue, 17 Mar 2026 09:01:19 +0000
[12:35:00]      偵測延遲: 358421.6秒
[12:35:00]      內容: The US-Israeli strategy against Iran is working. Here is why:...
[12:35:00]      ⚪ 無信號 (0ms)
[12:35:00]   🆕 新推文偵測！
[12:35:00]      ID: 116242335330134909
[12:35:00]      時間: Tue, 17 Mar 2026 03:14:34 +0000
[12:35:00]      偵測延遲: 379226.6秒
[12:35:00]      內容: Wow! Venezuela defeated Italy tonight, 4-2, in the WBC (Baseball!) Semifinal. They are looking reall...
[12:35:00]      ⚪ 無信號 (0ms)
[12:35:00]   🆕 新推文偵測！
[12:35:00]      ID: 116242184760039996
[12:35:00]      時間: Tue, 17 Mar 2026 02:36:17 +0000
[12:35:00]      偵測延遲: 381523.6秒
[12:35:00]      內容: ...
[12:35:00]      ⚪ 無信號 (0ms)
[12:35:00]   🆕 新推文偵測！
[12:35:00]      ID: 116241961295404159
[12:35:00]      時間: Tue, 17 Mar 2026 01:39:27 +0000
[12:35:00]      偵測延遲: 384933.6秒
[12:35:00]      內容: “Hang Out with Sean Hannity” is a GREAT  New Podcast, Streaming Now!!! Sean is a fantastic guy, and ...
[12:35:00]      ⚪ 無信號 (0ms)
[12:35:00]   🆕 新推文偵測！
[12:35:00]      ID: 116241562639922898
[12:35:00]      時間: Mon, 16 Mar 2026 23:58:04 +0000
[12:35:00]      偵測延遲: 391016.6秒
[12:35:00]      內容: Prez Trump Draws Massive Crowd Reaction At CFP Title Game In Miami:...
[12:35:00]      ⚪ 無信號 (0ms)
[12:35:00]   🆕 新推文偵測！
[12:35:00]      ID: 116241561679397928
[12:35:00]      時間: Mon, 16 Mar 2026 23:57:49 +0000
[12:35:00]      偵測延遲: 391031.6秒
[12:35:00]      內容: WATCH: Trump Cheered During National Anthem at College Football National Championship Game:...
[12:35:00]      ⚪ 無信號 (0ms)
[12:35:00]   🆕 新推文偵測！
[12:35:00]      ID: 116241559915911661
[12:35:00]      時間: Mon, 16 Mar 2026 23:57:23 +0000
[12:35:00]      偵測延遲: 391057.6秒
[12:35:00]      內容: WATCH: Crowd Goes WILD for Trump During National Anthem at the College Football Championship in Miam...
[12:35:00]      ⚪ 無信號 (0ms)
[12:35:00]   🆕 新推文偵測！
[12:35:00]      ID: 116241557993544867
[12:35:00]      時間: Mon, 16 Mar 2026 23:56:53 +0000
[12:35:00]      偵測延遲: 391087.6秒
[12:35:00]      內容: Jack Smith targeted then-House Speaker McCarthy’s private phone records in J6 probe, FBI docs reveal...
[12:35:00]      ⚪ 無信號 (0ms)
[12:35:00]   🆕 新推文偵測！
[12:35:00]      ID: 116241557064413752
[12:35:00]      時間: Mon, 16 Mar 2026 23:56:39 +0000
[12:35:00]      偵測延遲: 391101.6秒
[12:35:00]      內容: Jack Smith meeting with then-FBI Director Wray recorded as ‘significant case notification’ in J6 pro...
[12:35:00]      ⚪ 無信號 (0ms)
[12:35:00]   🆕 新推文偵測！
[12:35:00]      ID: 116241553340894634
[12:35:00]      時間: Mon, 16 Mar 2026 23:55:42 +0000
[12:35:00]      偵測延遲: 391158.6秒
[12:35:00]      內容: NATO long warned of Russian, Chinese threats to Greenland, now rejects Trump’s ownership solution:...
[12:35:00]      ⚪ 無信號 (0ms)
[12:35:00]   🆕 新推文偵測！
[12:35:00]      ID: 116241548802837887
[12:35:00]      時間: Mon, 16 Mar 2026 23:54:33 +0000
[12:35:00]      偵測延遲: 391227.6秒
[12:35:00]      內容: Clay County Sheriff Michelle Cook honored by President Trump at Women’s History Month event at White...
[12:35:00]      ⚪ 無信號 (0ms)
[12:35:00]   🆕 新推文偵測！
[12:35:00]      ID: 116239674084445278
[12:35:00]      時間: Mon, 16 Mar 2026 15:57:47 +0000
[12:35:00]      偵測延遲: 419833.6秒
[12:35:00]      內容: Susie Wiles is an incredible Chief of Staff, a great person, and one of the strongest people I know ...
[12:35:00]      📡 信號: ACTION(75%) (0ms)
[12:35:00]      🎯 預測: UP (75%) | 1多/0空 (0ms)
[12:35:00]      ⏱️ 全鏈路: 偵測419834s + 分類0ms + 預測0ms = 共419833.6s
[12:35:00]      💰 Polymarket: 等待錢包設定...
[12:35:00]   🆕 新推文偵測！
[12:35:00]      ID: 116239050427498715
[12:35:00]      時間: Mon, 16 Mar 2026 13:19:11 +0000
[12:35:00]      偵測延遲: 429349.6秒
[12:35:00]      內容: News Conference today, prior to Trump Kennedy Center Board Meeting. Thank you!...
[12:35:00]      ⚪ 無信號 (0ms)
[12:35:00]   🆕 新推文偵測！
[12:35:00]      ID: 116239040439932874
[12:35:00]      時間: Mon, 16 Mar 2026 13:16:38 +0000
[12:35:00]      偵測延遲: 429502.6秒
[12:35:00]      內容: The crazed Democrats are not allowing TSA Agents to get paid. The deal was made a long time ago. The...
[12:35:00]      📡 信號: DEAL(65%) (0ms)
[12:35:00]      🎯 預測: UP (65%) | 1多/0空 (0ms)
[12:35:00]      ⏱️ 全鏈路: 偵測429503s + 分類0ms + 預測0ms = 共429502.6s
[12:35:00]      💰 Polymarket: 等待錢包設定...
[12:35:00]   🆕 新推文偵測！
[12:35:00]      ID: 116238791857146568
[12:35:00]      時間: Mon, 16 Mar 2026 12:13:25 +0000
[12:35:00]      偵測延遲: 433295.6秒
[12:35:00]      內容: ...
[12:35:00]      ⚪ 無信號 (0ms)
[12:35:00]   🆕 新推文偵測！
[12:35:00]      ID: 116238790930991351
[12:35:00]      時間: Mon, 16 Mar 2026 12:13:11 +0000
[12:35:00]      偵測延遲: 433309.6秒
[12:35:00]      內容: ...
[12:35:00]      ⚪ 無信號 (0ms)
[12:35:00]   🆕 新推文偵測！
[12:35:00]      ID: 116238700372346046
[12:35:00]      時間: Mon, 16 Mar 2026 11:50:09 +0000
[12:35:00]      偵測延遲: 434691.6秒
[12:35:00]      內容: Michael Whatley is so Great! Running against a really bad former Governor who set murderers free to ...
[12:35:00]      ⚪ 無信號 (0ms)
[12:35:00]   🆕 新推文偵測！
[12:35:00]      ID: 116236850873003597
[12:35:00]      時間: Mon, 16 Mar 2026 03:59:48 +0000
[12:35:00]      偵測延遲: 462912.6秒
[12:35:00]      內容: ...
[12:35:00]      ⚪ 無信號 (0ms)
[12:35:00]   🆕 新推文偵測！
[12:35:00]      ID: 116236561191626050
[12:35:00]      時間: Mon, 16 Mar 2026 02:46:08 +0000
[12:35:00]      偵測延遲: 467332.6秒
[12:35:00]      內容: The Courts treat Republicans, and me, so unfairly, always seeming to protect those who should not be...
[12:35:00]      📡 信號: TARIFF(75%), BEARISH(90%) (0ms)
[12:35:00]      🎯 預測: DOWN (90%) | 0多/2空 (0ms)
[12:35:00]      ⏱️ 全鏈路: 偵測467333s + 分類0ms + 預測0ms = 共467332.6s
[12:35:00]      💰 Polymarket: 等待錢包設定...
[12:35:00]   🆕 新推文偵測！
[12:35:00]      ID: 116236559151421767
[12:35:00]      時間: Mon, 16 Mar 2026 02:45:37 +0000
[12:35:00]      偵測延遲: 467363.6秒
[12:35:00]      內容: The decision that mattered most to me was TARIFFS! The Court knew where I stood, how badly I wanted ...
[12:35:00]      📡 信號: TARIFF(90%) (0ms)
[12:35:00]      🎯 預測: DOWN (90%) | 0多/1空 (0ms)
[12:35:00]      ⏱️ 全鏈路: 偵測467364s + 分類0ms + 預測0ms = 共467363.6s
[12:35:00]      💰 Polymarket: 等待錢包設定...
[12:35:00]   🆕 新推文偵測！
[12:35:00]      ID: 116236498017197393
[12:35:00]      時間: Mon, 16 Mar 2026 02:30:04 +0000
[12:35:00]      偵測延遲: 468296.6秒
[12:35:00]      內容: Mark Levin, a truly Great American Patriot, is somewhat under siege by other people with far less In...
[12:35:00]      📡 信號: DEAL(65%) (0ms)
[12:35:00]      🎯 預測: UP (65%) | 1多/0空 (0ms)
[12:35:00]      ⏱️ 全鏈路: 偵測468297s + 分類0ms + 預測0ms = 共468296.6s
[12:35:00]      💰 Polymarket: 等待錢包設定...
[12:35:00]   🆕 新推文偵測！
[12:35:00]      ID: 116235861005528220
[12:35:00]      時間: Sun, 15 Mar 2026 23:48:04 +0000
[12:35:00]      偵測延遲: 478016.6秒
[12:35:00]      內容: Iran has long been known as a Master of Media Manipulation and Public Relations. They are Militarily...
[12:35:00]      📡 信號: RELIEF(75%), ACTION(75%) (0ms)
[12:35:00]      🎯 預測: UP (75%) | 2多/0空 (0ms)
[12:35:00]      ⏱️ 全鏈路: 偵測478017s + 分類0ms + 預測0ms = 共478016.6s
[12:35:00]      💰 Polymarket: 等待錢包設定...
[12:35:00]   🆕 新推文偵測！
[12:35:00]      ID: 116229166794959253
[12:35:00]      時間: Sat, 14 Mar 2026 19:25:39 +0000
[12:35:00]      偵測延遲: 580161.6秒
[12:35:00]      內容: McLaughlin: Strong Majority Backs Trump in Stopping Iran's Nuclear Ambitions:...
[12:35:00]      ⚪ 無信號 (0ms)
[12:35:00]   🆕 新推文偵測！
[12:35:00]      ID: 116229058692001771
[12:35:00]      時間: Sat, 14 Mar 2026 18:58:09 +0000
[12:35:00]      偵測延遲: 581811.6秒
[12:35:00]      內容: The United States of America has beaten and completely decimated Iran, both Militarily, Economically...
[12:35:00]      ⚪ 無信號 (0ms)
[12:35:00]   🆕 新推文偵測！
[12:35:00]      ID: 116228130264134892
[12:35:00]      時間: Sat, 14 Mar 2026 15:02:02 +0000
[12:35:00]      偵測延遲: 595978.6秒
[12:35:00]      內容: ...
[12:35:00]      ⚪ 無信號 (0ms)
[12:35:00]   🆕 新推文偵測！
[12:35:00]      ID: 116227904143399817
[12:35:00]      時間: Sat, 14 Mar 2026 14:04:32 +0000
[12:35:00]      偵測延遲: 599428.6秒
[12:35:00]      內容: Many Countries, especially those who are affected by Iran’s attempted closure of the Hormuz Strait, ...
[12:35:00]      ⚪ 無信號 (0ms)
[12:35:00]   🆕 新推文偵測！
[12:35:00]      ID: 116227789768118115
[12:35:00]      時間: Sat, 14 Mar 2026 13:35:27 +0000
[12:35:00]      偵測延遲: 601173.6秒
[12:35:00]      內容: Yet again, an intentionally misleading headline by the Fake News Media about the five tanker planes ...
[12:35:00]      📡 信號: BEARISH(65%) (0ms)
[12:35:00]      🎯 預測: DOWN (65%) | 0多/1空 (0ms)
[12:35:00]      ⏱️ 全鏈路: 偵測601174s + 分類0ms + 預測0ms = 共601173.6s
[12:35:00]      💰 Polymarket: 等待錢包設定...
[12:35:00]   🆕 新推文偵測！
[12:35:00]      ID: 116227449614232103
[12:35:00]      時間: Sat, 14 Mar 2026 12:08:56 +0000
[12:35:00]      偵測延遲: 606364.6秒
[12:35:00]      內容: Thank you to Johnny Jones and all of our GREAT TSA Agents who are going to work but not being paid b...
[12:35:00]      📡 信號: DEAL(75%), BEARISH(75%) (0ms)
[12:35:00]      🎯 預測: NEUTRAL (30%) | 1多/1空 (0ms)
[12:35:00]      ⏱️ 全鏈路: 偵測606365s + 分類0ms + 預測0ms = 共606364.6s
[12:35:00]      💰 Polymarket: 等待錢包設定...
[12:35:00]   🆕 新推文偵測！
[12:35:00]      ID: 116225502010036899
[12:35:00]      時間: Sat, 14 Mar 2026 03:53:38 +0000
[12:35:00]      偵測延遲: 636082.6秒
[12:35:00]      內容: The Fake News Media hates to report how well the United States Military has done against Iran, which...
[12:35:00]      📡 信號: DEAL(65%) (0ms)
[12:35:00]      🎯 預測: UP (65%) | 1多/0空 (0ms)
[12:35:00]      ⏱️ 全鏈路: 偵測636083s + 分類0ms + 預測0ms = 共636082.6s
[12:35:00]      💰 Polymarket: 等待錢包設定...
[12:35:00]   🆕 新推文偵測！
[12:35:00]      ID: 116224969922841857
[12:35:00]      時間: Sat, 14 Mar 2026 01:38:19 +0000
[12:35:00]      偵測延遲: 644201.6秒
[12:35:00]      內容: RT @realDonaldTrump...
[12:35:00]      ⚪ 無信號 (0ms)
[12:35:00]   🆕 新推文偵測！
[12:35:00]      ID: 116224969784331828
[12:35:00]      時間: Sat, 14 Mar 2026 01:38:17 +0000
[12:35:00]      偵測延遲: 644203.6秒
[12:35:00]      內容: RT @realDonaldTrumpIran had plans of taking over the entire Middle East, and completely obliterating...
[12:35:00]      ⚪ 無信號 (0ms)
[12:35:00]   🆕 新推文偵測！
[12:35:00]      ID: 116224969438347868
[12:35:00]      時間: Sat, 14 Mar 2026 01:38:12 +0000
[12:35:00]      偵測延遲: 644208.6秒
[12:35:00]      內容: RT @realDonaldTrumpMoments ago, at my direction, the United States Central Command executed one of t...
[12:35:00]      📡 信號: ACTION(80%) (0ms)
[12:35:00]      🎯 預測: UP (80%) | 1多/0空 (0ms)
[12:35:00]      ⏱️ 全鏈路: 偵測644209s + 分類0ms + 預測0ms = 共644208.6s
[12:35:00]      💰 Polymarket: 等待錢包設定...
[12:35:00]   🆕 新推文偵測！
[12:35:00]      ID: 116224927432061954
[12:35:00]      時間: Sat, 14 Mar 2026 01:27:31 +0000
[12:35:00]      偵測延遲: 644849.6秒
[12:35:00]      內容: RT @jmclghlnStrong Majority backs @realDonaldTrump stopping Iran from getting Nukes @DanScavino @Ste...
[12:35:00]      ⚪ 無信號 (0ms)
[12:35:00]   🆕 新推文偵測！
[12:35:00]      ID: 116224905719469197
[12:35:00]      時間: Sat, 14 Mar 2026 01:22:00 +0000
[12:35:00]      偵測延遲: 645180.6秒
[12:35:00]      內容: ...
[12:35:00]      ⚪ 無信號 (0ms)
[12:35:00]   🆕 新推文偵測！
[12:35:00]      ID: 116224689822209648
[12:35:00]      時間: Sat, 14 Mar 2026 00:27:05 +0000
[12:35:00]      偵測延遲: 648475.6秒
[12:35:00]      內容: RT @realDonaldTrumpIran had plans of taking over the entire Middle East, and completely obliterating...
[12:35:00]      ⚪ 無信號 (0ms)
[12:35:00]   🆕 新推文偵測！
[12:35:00]      ID: 116224689504709938
[12:35:00]      時間: Sat, 14 Mar 2026 00:27:01 +0000
[12:35:00]      偵測延遲: 648479.6秒
[12:35:00]      內容: RT @realDonaldTrumpMoments ago, at my direction, the United States Central Command executed one of t...
[12:35:00]      📡 信號: ACTION(80%) (0ms)
[12:35:00]      🎯 預測: UP (80%) | 1多/0空 (0ms)
[12:35:00]      ⏱️ 全鏈路: 偵測648480s + 分類0ms + 預測0ms = 共648479.6s
[12:35:00]      💰 Polymarket: 等待錢包設定...
[12:35:00]   🆕 新推文偵測！
[12:35:00]      ID: 116224689141094171
[12:35:00]      時間: Sat, 14 Mar 2026 00:26:55 +0000
[12:35:00]      偵測延遲: 648485.6秒
[12:35:00]      內容: ...
[12:35:00]      ⚪ 無信號 (0ms)
[12:35:00]   🆕 新推文偵測！
[12:35:00]      ID: 116224679946844145
[12:35:00]      時間: Sat, 14 Mar 2026 00:24:35 +0000
[12:35:00]      偵測延遲: 648625.6秒
[12:35:00]      內容: RT @realDonaldTrumpIran had plans of taking over the entire Middle East, and completely obliterating...
[12:35:00]      ⚪ 無信號 (0ms)
[12:35:00]   🆕 新推文偵測！
[12:35:00]      ID: 116224679791927248
[12:35:00]      時間: Sat, 14 Mar 2026 00:24:32 +0000
[12:35:00]      偵測延遲: 648628.6秒
[12:35:00]      內容: RT @realDonaldTrumpMoments ago, at my direction, the United States Central Command executed one of t...
[12:35:00]      📡 信號: ACTION(80%) (0ms)
[12:35:00]      🎯 預測: UP (80%) | 1多/0空 (0ms)
[12:35:00]      ⏱️ 全鏈路: 偵測648629s + 分類0ms + 預測0ms = 共648628.6s
[12:35:00]      💰 Polymarket: 等待錢包設定...
[12:35:00]   🆕 新推文偵測！
[12:35:00]      ID: 116224678781425626
[12:35:00]      時間: Sat, 14 Mar 2026 00:24:17 +0000
[12:35:00]      偵測延遲: 648643.6秒
[12:35:00]      內容: ...
[12:35:00]      ⚪ 無信號 (0ms)
[12:35:00]   🆕 新推文偵測！
[12:35:00]      ID: 116224677710108561
[12:35:00]      時間: Sat, 14 Mar 2026 00:24:01 +0000
[12:35:00]      偵測延遲: 648659.6秒
[12:35:00]      內容: ...
[12:35:00]      ⚪ 無信號 (0ms)
[12:35:00]   🆕 新推文偵測！
[12:35:00]      ID: 116224645615624276
[12:35:00]      時間: Sat, 14 Mar 2026 00:15:51 +0000
[12:35:00]      偵測延遲: 649149.6秒
[12:35:00]      內容: ...
[12:35:00]      ⚪ 無信號 (0ms)
[12:35:00]   🆕 新推文偵測！
[12:35:00]      ID: 116224634088762061
[12:35:00]      時間: Sat, 14 Mar 2026 00:12:55 +0000
[12:35:00]      偵測延遲: 649325.6秒
[12:35:00]      內容: Kevin Hern, from the Wonderful State of Oklahoma (where I won all 77 out of 77 Counties, in 2016, 20...
[12:35:00]      ⚪ 無信號 (0ms)
[12:35:00]   🆕 新推文偵測！
[12:35:00]      ID: 116224631824988888
[12:35:00]      時間: Sat, 14 Mar 2026 00:12:20 +0000
[12:35:00]      偵測延遲: 649360.6秒
[12:35:00]      內容: Trump Investment Surge: Trillions Pour Into America As Economic Revival Accelerates:...
[12:35:00]      ⚪ 無信號 (0ms)
[12:35:00]   🆕 新推文偵測！
[12:35:00]      ID: 116224630912933489
[12:35:00]      時間: Sat, 14 Mar 2026 00:12:06 +0000
[12:35:00]      偵測延遲: 649374.6秒
[12:35:00]      內容: US Olympic bobsledder surprises Trump, awards him prestigious Order of Ikkos medal:...
[12:35:00]      ⚪ 無信號 (0ms)
[12:35:00]   🆕 新推文偵測！
[12:35:00]      ID: 116224629259359835
[12:35:00]      時間: Sat, 14 Mar 2026 00:11:41 +0000
[12:35:00]      偵測延遲: 649399.7秒
[12:35:00]      內容: Trump honors Virginia mom, farmer at White House Women's History Month event:...
[12:35:00]      ⚪ 無信號 (0ms)
[12:35:00]   🆕 新推文偵測！
[12:35:00]      ID: 116224627869912229
[12:35:00]      時間: Sat, 14 Mar 2026 00:11:20 +0000
[12:35:00]      偵測延遲: 649420.7秒
[12:35:00]      內容: Baltimore woman honored by President Trump during Women’s History Month:...
[12:35:00]      ⚪ 無信號 (0ms)
[12:35:00]   🆕 新推文偵測！
[12:35:00]      ID: 116224518730089644
[12:35:00]      時間: Fri, 13 Mar 2026 23:43:35 +0000
[12:35:00]      偵測延遲: 651085.7秒
[12:35:00]      內容: Iran had plans of taking over the entire Middle East, and completely obliterating Israel. JUST LIKE ...
[12:35:00]      ⚪ 無信號 (0ms)
[12:35:00]   🆕 新推文偵測！
[12:35:00]      ID: 116224324444349237
[12:35:00]      時間: Fri, 13 Mar 2026 22:54:10 +0000
[12:35:00]      偵測延遲: 654050.7秒
[12:35:00]      內容: Moments ago, at my direction, the United States Central Command executed one of the most powerful bo...
[12:35:00]      📡 信號: ACTION(80%) (0ms)
[12:35:00]      🎯 預測: UP (80%) | 1多/0空 (0ms)
[12:35:00]      ⏱️ 全鏈路: 偵測654051s + 分類0ms + 預測0ms = 共654050.7s
[12:35:00]      💰 Polymarket: 等待錢包設定...
[12:35:00]   🆕 新推文偵測！
[12:35:00]      ID: 116224183027304989
[12:35:00]      時間: Fri, 13 Mar 2026 22:18:12 +0000
[12:35:00]      偵測延遲: 656208.7秒
[12:35:00]      內容: It is my Great Honor to endorse America First Patriot, Jon Maples, who is running to represent the w...
[12:35:00]      ⚪ 無信號 (0ms)
[12:35:00]   🆕 新推文偵測！
[12:35:00]      ID: 116224179318558161
[12:35:00]      時間: Fri, 13 Mar 2026 22:17:16 +0000
[12:35:00]      偵測延遲: 656264.7秒
[12:35:00]      內容: After meeting with Governor Gretchen Whitmer, and hearing from our GREAT Republican Candidate for th...
[12:35:00]      ⚪ 無信號 (0ms)
[12:35:30] 💓 心跳: 已監控 2730 分鐘, 無新推文
[12:40:34] 💓 心跳: 已監控 2735 分鐘, 無新推文
[12:45:37] 💓 心跳: 已監控 2740 分鐘, 無新推文
[12:50:39] 💓 心跳: 已監控 2745 分鐘, 無新推文
[12:55:42] 💓 心跳: 已監控 2750 分鐘, 無新推文
[13:00:45] 💓 心跳: 已監控 2755 分鐘, 無新推文
[13:05:49] 💓 心跳: 已監控 2760 分鐘, 無新推文
[13:10:52] 💓 心跳: 已監控 2765 分鐘, 無新推文
[13:15:55] 💓 心跳: 已監控 2770 分鐘, 無新推文
[13:20:58] 💓 心跳: 已監控 2775 分鐘, 無新推文
[13:26:02] 💓 心跳: 已監控 2780 分鐘, 無新推文
[13:31:05] 💓 心跳: 已監控 2785 分鐘, 無新推文
[13:36:08] 💓 心跳: 已監控 2790 分鐘, 無新推文
[13:41:11] 💓 心跳: 已監控 2795 分鐘, 無新推文
[13:46:14] 💓 心跳: 已監控 2800 分鐘, 無新推文
[13:51:17] 💓 心跳: 已監控 2805 分鐘, 無新推文
[13:56:21] 💓 心跳: 已監控 2810 分鐘, 無新推文
[14:01:24] 💓 心跳: 已監控 2815 分鐘, 無新推文
[14:06:27] 💓 心跳: 已監控 2820 分鐘, 無新推文
[14:11:30] 💓 心跳: 已監控 2825 分鐘, 無新推文
[14:16:33] 💓 心跳: 已監控 2830 分鐘, 無新推文
[14:21:38] 💓 心跳: 已監控 2835 分鐘, 無新推文
[14:26:41] 💓 心跳: 已監控 2840 分鐘, 無新推文
[14:31:44] 💓 心跳: 已監控 2845 分鐘, 無新推文
[14:36:47] 💓 心跳: 已監控 2850 分鐘, 無新推文
[14:41:50] 💓 心跳: 已監控 2855 分鐘, 無新推文
[14:46:53] 💓 心跳: 已監控 2860 分鐘, 無新推文
[14:51:56] 💓 心跳: 已監控 2865 分鐘, 無新推文
[14:56:59] 💓 心跳: 已監控 2870 分鐘, 無新推文
[15:02:02] 💓 心跳: 已監控 2875 分鐘, 無新推文
[15:07:05] 💓 心跳: 已監控 2880 分鐘, 無新推文
[15:12:08] 💓 心跳: 已監控 2885 分鐘, 無新推文
[15:17:12] 💓 心跳: 已監控 2890 分鐘, 無新推文
[15:22:15] 💓 心跳: 已監控 2895 分鐘, 無新推文
[15:27:18] 💓 心跳: 已監控 2900 分鐘, 無新推文
[15:32:21] 💓 心跳: 已監控 2905 分鐘, 無新推文
[15:35:23] 📡 RSS 掃描: 100 篇, 1 篇新的 (412ms)
[15:35:23]   🆕 新推文偵測！
[15:35:23]      ID: 116267892671497457
[15:35:23]      時間: Sat, 21 Mar 2026 15:34:09 +0000
[15:35:23]      偵測延遲: 75.0秒
[15:35:23]      內容: If the Radical Left Democrats don’t immediately sign an agreement to let our Country, in particular,...
[15:35:23]      📡 信號: DEAL(65%), ACTION(65%) (0ms)
[15:35:23]      🎯 預測: UP (65%) | 2多/0空 (0ms)
[15:35:23]      ⏱️ 全鏈路: 偵測75s + 分類0ms + 預測0ms = 共75.0s
[15:35:23]      💰 Polymarket: 等待錢包設定...
[15:37:25] 💓 心跳: 已監控 2910 分鐘, 無新推文
[15:42:28] 💓 心跳: 已監控 2915 分鐘, 無新推文
[15:47:32] 💓 心跳: 已監控 2920 分鐘, 無新推文
[15:52:35] 💓 心跳: 已監控 2925 分鐘, 無新推文
[15:57:38] 💓 心跳: 已監控 2930 分鐘, 無新推文
[16:02:41] 💓 心跳: 已監控 2935 分鐘, 無新推文
[16:07:45] 💓 心跳: 已監控 2940 分鐘, 無新推文
[16:12:48] 💓 心跳: 已監控 2945 分鐘, 無新推文
[16:17:51] 💓 心跳: 已監控 2950 分鐘, 無新推文
[16:22:54] 💓 心跳: 已監控 2955 分鐘, 無新推文
[16:27:58] 💓 心跳: 已監控 2960 分鐘, 無新推文
[16:33:01] 💓 心跳: 已監控 2965 分鐘, 無新推文
[16:38:04] 💓 心跳: 已監控 2970 分鐘, 無新推文
[16:43:07] 💓 心跳: 已監控 2975 分鐘, 無新推文
[16:48:11] 💓 心跳: 已監控 2980 分鐘, 無新推文
[16:53:14] 💓 心跳: 已監控 2985 分鐘, 無新推文
[16:55:15] 📡 RSS 掃描: 100 篇, 1 篇新的 (299ms)
[16:55:15]   🆕 新推文偵測！
[16:55:15]      ID: 116268200625887787
[16:55:15]      時間: Sat, 21 Mar 2026 16:52:28 +0000
[16:55:15]      偵測延遲: 167.9秒
[16:55:15]      內容: Highly Respected America First Congresswoman, Julia Letlow, of the wonderful State of Louisiana, is ...
[16:55:15]      ⚪ 無信號 (0ms)
[16:58:17] 💓 心跳: 已監控 2990 分鐘, 無新推文
[17:03:20] 💓 心跳: 已監控 2995 分鐘, 無新推文
[17:08:24] 💓 心跳: 已監控 3000 分鐘, 無新推文
[17:13:26] 💓 心跳: 已監控 3005 分鐘, 無新推文
[17:18:30] 💓 心跳: 已監控 3010 分鐘, 無新推文
[17:23:34] 💓 心跳: 已監控 3015 分鐘, 無新推文
[17:28:37] 💓 心跳: 已監控 3020 分鐘, 無新推文
[17:30:39] 📡 RSS 掃描: 100 篇, 1 篇新的 (290ms)
[17:30:39]   🆕 新推文偵測！
[17:30:39]      ID: 116268334535345382
[17:30:39]      時間: Sat, 21 Mar 2026 17:26:31 +0000
[17:30:39]      偵測延遲: 248.0秒
[17:30:39]      內容: Robert Mueller just died. Good, I’m glad he’s dead. He can no longer hurt innocent people! President...
[17:30:39]      ⚪ 無信號 (0ms)
[17:33:40] 💓 心跳: 已監控 3025 分鐘, 無新推文
[17:38:44] 💓 心跳: 已監控 3030 分鐘, 無新推文
[17:43:47] 💓 心跳: 已監控 3035 分鐘, 無新推文
[17:45:18] 📡 RSS 掃描: 100 篇, 1 篇新的 (682ms)
[17:45:18]   🆕 新推文偵測！
[17:45:18]      ID: 116268396341038197
[17:45:18]      時間: Sat, 21 Mar 2026 17:42:14 +0000
[17:45:18]      偵測延遲: 184.4秒
[17:45:18]      內容: The Radical Left Democrats have hurt so many people with their vicious and uncaring ways. What they ...
[17:45:18]      ⚪ 無信號 (0ms)
[17:48:50] 💓 心跳: 已監控 3040 分鐘, 無新推文
[17:53:53] 💓 心跳: 已監控 3045 分鐘, 無新推文
[17:58:57] 💓 心跳: 已監控 3050 分鐘, 無新推文
[18:04:00] 💓 心跳: 已監控 3055 分鐘, 無新推文
[18:09:04] 💓 心跳: 已監控 3060 分鐘, 無新推文
[18:14:07] 💓 心跳: 已監控 3065 分鐘, 無新推文
[18:19:10] 💓 心跳: 已監控 3070 分鐘, 無新推文
[18:24:14] 💓 心跳: 已監控 3075 分鐘, 無新推文
[18:29:17] 💓 心跳: 已監控 3080 分鐘, 無新推文
[18:34:21] 💓 心跳: 已監控 3085 分鐘, 無新推文
[18:39:24] 💓 心跳: 已監控 3090 分鐘, 無新推文
[18:44:27] 💓 心跳: 已監控 3095 分鐘, 無新推文
[18:49:30] 💓 心跳: 已監控 3100 分鐘, 無新推文
[18:54:34] 💓 心跳: 已監控 3105 分鐘, 無新推文
[18:59:37] 💓 心跳: 已監控 3110 分鐘, 無新推文
[19:04:40] 💓 心跳: 已監控 3115 分鐘, 無新推文
[19:05:10] 📡 RSS 掃描: 100 篇, 1 篇新的 (285ms)
[19:05:10]   🆕 新推文偵測！
[19:05:10]      ID: 116268706178346879
[19:05:10]      時間: Sat, 21 Mar 2026 19:01:02 +0000
[19:05:10]      偵測延遲: 248.9秒
[19:05:10]      內容: In the early days of Mar-a-Lago!...
[19:05:10]      ⚪ 無信號 (0ms)
[19:09:44] 💓 心跳: 已監控 3120 分鐘, 無新推文
[19:14:47] 💓 心跳: 已監控 3125 分鐘, 無新推文
[19:19:51] 💓 心跳: 已監控 3130 分鐘, 無新推文
[19:24:54] 💓 心跳: 已監控 3135 分鐘, 無新推文
[19:29:57] 💓 心跳: 已監控 3140 分鐘, 無新推文
[19:35:01] 💓 心跳: 已監控 3145 分鐘, 無新推文
[19:40:04] 💓 心跳: 已監控 3150 分鐘, 無新推文
[19:45:08] 💓 心跳: 已監控 3155 分鐘, 無新推文
[19:50:11] 💓 心跳: 已監控 3160 分鐘, 無新推文
[19:55:14] 💓 心跳: 已監控 3165 分鐘, 無新推文
[20:00:18] 💓 心跳: 已監控 3170 分鐘, 無新推文
[20:05:21] 💓 心跳: 已監控 3175 分鐘, 無新推文
[20:10:24] 💓 心跳: 已監控 3180 分鐘, 無新推文
[20:15:27] 💓 心跳: 已監控 3185 分鐘, 無新推文
[20:20:31] 💓 心跳: 已監控 3190 分鐘, 無新推文
[20:25:34] 💓 心跳: 已監控 3195 分鐘, 無新推文
[20:30:38] 💓 心跳: 已監控 3200 分鐘, 無新推文
[20:35:42] 💓 心跳: 已監控 3205 分鐘, 無新推文
[20:40:45] 💓 心跳: 已監控 3210 分鐘, 無新推文
[20:45:48] 💓 心跳: 已監控 3215 分鐘, 無新推文
[20:50:51] 💓 心跳: 已監控 3220 分鐘, 無新推文
[20:55:55] 💓 心跳: 已監控 3225 分鐘, 無新推文
[21:00:58] 💓 心跳: 已監控 3230 分鐘, 無新推文
[21:06:01] 💓 心跳: 已監控 3235 分鐘, 無新推文
[21:11:05] 💓 心跳: 已監控 3240 分鐘, 無新推文
[21:16:08] 💓 心跳: 已監控 3245 分鐘, 無新推文
[21:21:11] 💓 心跳: 已監控 3250 分鐘, 無新推文
[21:26:15] 💓 心跳: 已監控 3255 分鐘, 無新推文
[21:31:18] 💓 心跳: 已監控 3260 分鐘, 無新推文
[21:36:21] 💓 心跳: 已監控 3265 分鐘, 無新推文
[21:41:24] 💓 心跳: 已監控 3270 分鐘, 無新推文
[21:46:27] 💓 心跳: 已監控 3275 分鐘, 無新推文
[21:51:30] 💓 心跳: 已監控 3280 分鐘, 無新推文
[21:56:33] 💓 心跳: 已監控 3285 分鐘, 無新推文
[22:01:37] 💓 心跳: 已監控 3290 分鐘, 無新推文
[22:06:40] 💓 心跳: 已監控 3295 分鐘, 無新推文
[22:11:43] 💓 心跳: 已監控 3300 分鐘, 無新推文
[22:15:16] 📡 RSS 掃描: 100 篇, 1 篇新的 (409ms)
[22:15:16]   🆕 新推文偵測！
[22:15:16]      ID: 116269463539535135
[22:15:16]      時間: Sat, 21 Mar 2026 22:13:38 +0000
[22:15:16]      偵測延遲: 98.3秒
[22:15:16]      內容: The Democrats want to give our Country away to the illegals who they allowed to pour through our now...
[22:15:16]      ⚪ 無信號 (0ms)
[22:16:47] 💓 心跳: 已監控 3305 分鐘, 無新推文
[22:21:50] 💓 心跳: 已監控 3310 分鐘, 無新推文
[22:26:53] 💓 心跳: 已監控 3315 分鐘, 無新推文
[06:58:25] 📡 RSS 掃描: 100 篇, 3 篇新的 (313ms)
[06:58:25]   🆕 新推文偵測！
[06:58:25]      ID: 116270371600659894
[06:58:25]      時間: Sun, 22 Mar 2026 02:04:34 +0000
[06:58:25]      偵測延遲: 17631.5秒
[06:58:25]      內容: Tina Peters, a 73-year-old woman with cancer, was given a nine year jail sentence in Colorado becaus...
[06:58:25]      ⚪ 無信號 (0ms)
[06:58:25]   🆕 新推文偵測！
[06:58:25]      ID: 116269822349947644
[06:58:25]      時間: Sat, 21 Mar 2026 23:44:53 +0000
[06:58:25]      偵測延遲: 26012.5秒
[06:58:25]      內容: If Iran doesn’t FULLY OPEN, WITHOUT THREAT, the Strait of Hormuz, within 48 HOURS from this exact po...
[06:58:25]      ⚪ 無信號 (0ms)
[06:58:25]   🆕 新推文偵測！
[06:58:25]      ID: 116269555618597105
[06:58:25]      時間: Sat, 21 Mar 2026 22:37:03 +0000
[06:58:25]      偵測延遲: 30082.5秒
[06:58:25]      內容: The United States has blown Iran off of the map, and yet their lightweight analyst, David Sanger, sa...
[06:58:25]      📡 信號: DEAL(65%) (0ms)
[06:58:25]      🎯 預測: UP (65%) | 1多/0空 (0ms)
[06:58:25]      ⏱️ 全鏈路: 偵測30082s + 分類0ms + 預測0ms = 共30082.5s
[06:58:25]      💰 Polymarket: 等待錢包設定...
