[00:00] 📥 步驟 1/5: 下載最新資料
[00:00]    下載完成: 32687 篇推文
[00:00]    ⚠️ 下載失敗，用本地資料: 'NoneType' object has no attribute 'strip'
[00:00]    本地資料: 5759 篇
[00:00]    下載股市資料...
/Users/tong/Library/Python/3.9/lib/python/site-packages/urllib3/__init__.py:35: NotOpenSSLWarning: urllib3 v2 only supports OpenSSL 1.1.1+, currently the 'ssl' module is compiled with 'LibreSSL 2.8.3'. See: https://github.com/urllib3/urllib3/issues/3020
  warnings.warn(
[00:02]    S&P500: 289 交易日
[00:02] 📊 步驟 2/5: 擴展特徵
[00:02]    計算每日特徵...
[00:02]    ✅ 特徵數: 384 個
[00:02]    天數: 451 天
[00:02] 🔧 步驟 3/5: 過濾特徵
[00:02]    有效特徵: 320 / 384 個
[00:02] 🔨 步驟 4/5: 暴力搜索
[00:02]    訓練: 214 天 | 驗證: 72 天 | cutoff: 2025-11-26
[00:02]    預計算報酬完成
[00:02]    2條件: 51,040 | 3條件: 5,410,240
[00:02]    總組合: 32,767,680
[00:06]    50,000/32,767,680 (0.2%) | 候選:155 | 剩~40分鐘
[00:10]    100,000/32,767,680 (0.3%) | 候選:255 | 剩~41分鐘
[00:13]    150,000/32,767,680 (0.5%) | 候選:337 | 剩~39分鐘
[00:17]    200,000/32,767,680 (0.6%) | 候選:384 | 剩~38分鐘
[00:21]    250,000/32,767,680 (0.8%) | 候選:464 | 剩~39分鐘
[00:24]    300,000/32,767,680 (0.9%) | 候選:479 | 剩~37分鐘
[00:28]    350,000/32,767,680 (1.1%) | 候選:493 | 剩~39分鐘
[00:31]    400,000/32,767,680 (1.2%) | 候選:503 | 剩~39分鐘
[00:35]    450,000/32,767,680 (1.4%) | 候選:515 | 剩~39分鐘
[00:38]    500,000/32,767,680 (1.5%) | 候選:517 | 剩~39分鐘
[00:42]    550,000/32,767,680 (1.7%) | 候選:524 | 剩~39分鐘
[00:46]    600,000/32,767,680 (1.8%) | 候選:524 | 剩~39分鐘
[00:49]    650,000/32,767,680 (2.0%) | 候選:525 | 剩~37分鐘
[00:53]    700,000/32,767,680 (2.1%) | 候選:525 | 剩~37分鐘
[00:56]    750,000/32,767,680 (2.3%) | 候選:525 | 剩~37分鐘
[01:00]    800,000/32,767,680 (2.4%) | 候選:525 | 剩~37分鐘
[01:03]    850,000/32,767,680 (2.6%) | 候選:525 | 剩~37分鐘
[01:07]    900,000/32,767,680 (2.7%) | 候選:525 | 剩~37分鐘
[01:10]    950,000/32,767,680 (2.9%) | 候選:525 | 剩~36分鐘
[01:13]    1,000,000/32,767,680 (3.1%) | 候選:525 | 剩~36分鐘
[01:17]    1,050,000/32,767,680 (3.2%) | 候選:525 | 剩~36分鐘
[01:20]    1,100,000/32,767,680 (3.4%) | 候選:525 | 剩~36分鐘
[01:24]    1,150,000/32,767,680 (3.5%) | 候選:525 | 剩~36分鐘
[01:27]    1,200,000/32,767,680 (3.7%) | 候選:525 | 剩~37分鐘
[01:31]    1,250,000/32,767,680 (3.8%) | 候選:525 | 剩~37分鐘
[01:34]    1,300,000/32,767,680 (4.0%) | 候選:539 | 剩~38分鐘
[01:38]    1,350,000/32,767,680 (4.1%) | 候選:545 | 剩~37分鐘
[01:41]    1,400,000/32,767,680 (4.3%) | 候選:545 | 剩~37分鐘
[01:45]    1,450,000/32,767,680 (4.4%) | 候選:555 | 剩~37分鐘
[01:49]    1,500,000/32,767,680 (4.6%) | 候選:557 | 剩~37分鐘
[01:52]    1,550,000/32,767,680 (4.7%) | 候選:557 | 剩~37分鐘
[01:56]    1,600,000/32,767,680 (4.9%) | 候選:557 | 剩~36分鐘
[01:59]    1,650,000/32,767,680 (5.0%) | 候選:557 | 剩~36分鐘
[02:03]    1,700,000/32,767,680 (5.2%) | 候選:557 | 剩~36分鐘
[02:06]    1,750,000/32,767,680 (5.3%) | 候選:557 | 剩~36分鐘
[02:10]    1,800,000/32,767,680 (5.5%) | 候選:557 | 剩~37分鐘
[02:13]    1,850,000/32,767,680 (5.6%) | 候選:557 | 剩~37分鐘
[02:17]    1,900,000/32,767,680 (5.8%) | 候選:557 | 剩~37分鐘
[02:20]    1,950,000/32,767,680 (6.0%) | 候選:557 | 剩~37分鐘
[02:24]    2,000,000/32,767,680 (6.1%) | 候選:557 | 剩~37分鐘
[02:28]    2,050,000/32,767,680 (6.3%) | 候選:557 | 剩~37分鐘
[02:31]    2,100,000/32,767,680 (6.4%) | 候選:557 | 剩~36分鐘
[02:35]    2,150,000/32,767,680 (6.6%) | 候選:557 | 剩~35分鐘
[02:38]    2,200,000/32,767,680 (6.7%) | 候選:557 | 剩~35分鐘
[02:41]    2,250,000/32,767,680 (6.9%) | 候選:557 | 剩~35分鐘
[02:45]    2,300,000/32,767,680 (7.0%) | 候選:557 | 剩~34分鐘
[02:48]    2,350,000/32,767,680 (7.2%) | 候選:557 | 剩~34分鐘
[02:52]    2,400,000/32,767,680 (7.3%) | 候選:557 | 剩~35分鐘
[02:55]    2,450,000/32,767,680 (7.5%) | 候選:557 | 剩~37分鐘
[02:59]    2,500,000/32,767,680 (7.6%) | 候選:559 | 剩~35分鐘
[03:02]    2,550,000/32,767,680 (7.8%) | 候選:560 | 剩~35分鐘
[03:06]    2,600,000/32,767,680 (7.9%) | 候選:560 | 剩~35分鐘
[03:09]    2,650,000/32,767,680 (8.1%) | 候選:560 | 剩~36分鐘
[03:13]    2,700,000/32,767,680 (8.2%) | 候選:560 | 剩~35分鐘
[03:16]    2,750,000/32,767,680 (8.4%) | 候選:560 | 剩~34分鐘
[03:20]    2,800,000/32,767,680 (8.5%) | 候選:560 | 剩~34分鐘
[03:23]    2,850,000/32,767,680 (8.7%) | 候選:560 | 剩~34分鐘
[03:26]    2,900,000/32,767,680 (8.9%) | 候選:560 | 剩~34分鐘
[03:30]    2,950,000/32,767,680 (9.0%) | 候選:560 | 剩~34分鐘
[03:33]    3,000,000/32,767,680 (9.2%) | 候選:564 | 剩~35分鐘
[03:37]    3,050,000/32,767,680 (9.3%) | 候選:572 | 剩~36分鐘
[03:41]    3,100,000/32,767,680 (9.5%) | 候選:578 | 剩~36分鐘
[03:44]    3,150,000/32,767,680 (9.6%) | 候選:580 | 剩~36分鐘
[03:48]    3,200,000/32,767,680 (9.8%) | 候選:594 | 剩~36分鐘
[03:51]    3,250,000/32,767,680 (9.9%) | 候選:594 | 剩~35分鐘
[03:55]    3,300,000/32,767,680 (10.1%) | 候選:594 | 剩~34分鐘
[03:58]    3,350,000/32,767,680 (10.2%) | 候選:594 | 剩~34分鐘
[04:02]    3,400,000/32,767,680 (10.4%) | 候選:594 | 剩~34分鐘
[04:05]    3,450,000/32,767,680 (10.5%) | 候選:594 | 剩~34分鐘
[04:09]    3,500,000/32,767,680 (10.7%) | 候選:594 | 剩~34分鐘
[04:12]    3,550,000/32,767,680 (10.8%) | 候選:594 | 剩~34分鐘
[04:16]    3,600,000/32,767,680 (11.0%) | 候選:597 | 剩~36分鐘
[04:20]    3,650,000/32,767,680 (11.1%) | 候選:597 | 剩~36分鐘
[04:23]    3,700,000/32,767,680 (11.3%) | 候選:597 | 剩~35分鐘
[04:27]    3,750,000/32,767,680 (11.4%) | 候選:597 | 剩~35分鐘
[04:30]    3,800,000/32,767,680 (11.6%) | 候選:597 | 剩~35分鐘
[04:34]    3,850,000/32,767,680 (11.7%) | 候選:597 | 剩~34分鐘
[04:38]    3,900,000/32,767,680 (11.9%) | 候選:602 | 剩~34分鐘
[04:41]    3,950,000/32,767,680 (12.1%) | 候選:602 | 剩~34分鐘
[04:45]    4,000,000/32,767,680 (12.2%) | 候選:602 | 剩~33分鐘
[04:48]    4,050,000/32,767,680 (12.4%) | 候選:605 | 剩~33分鐘
[04:52]    4,100,000/32,767,680 (12.5%) | 候選:605 | 剩~33分鐘
[04:55]    4,150,000/32,767,680 (12.7%) | 候選:605 | 剩~34分鐘
[04:59]    4,200,000/32,767,680 (12.8%) | 候選:607 | 剩~34分鐘
[05:02]    4,250,000/32,767,680 (13.0%) | 候選:607 | 剩~34分鐘
[05:06]    4,300,000/32,767,680 (13.1%) | 候選:607 | 剩~35分鐘
[05:10]    4,350,000/32,767,680 (13.3%) | 候選:607 | 剩~35分鐘
[05:13]    4,400,000/32,767,680 (13.4%) | 候選:607 | 剩~34分鐘
[05:17]    4,450,000/32,767,680 (13.6%) | 候選:607 | 剩~32分鐘
[05:20]    4,500,000/32,767,680 (13.7%) | 候選:607 | 剩~32分鐘
[05:23]    4,550,000/32,767,680 (13.9%) | 候選:607 | 剩~32分鐘
[05:27]    4,600,000/32,767,680 (14.0%) | 候選:607 | 剩~32分鐘
[05:30]    4,650,000/32,767,680 (14.2%) | 候選:607 | 剩~32分鐘
[05:34]    4,700,000/32,767,680 (14.3%) | 候選:607 | 剩~32分鐘
[05:37]    4,750,000/32,767,680 (14.5%) | 候選:607 | 剩~33分鐘
[05:41]    4,800,000/32,767,680 (14.6%) | 候選:607 | 剩~33分鐘
[05:44]    4,850,000/32,767,680 (14.8%) | 候選:607 | 剩~33分鐘
[05:48]    4,900,000/32,767,680 (15.0%) | 候選:607 | 剩~33分鐘
[05:51]    4,950,000/32,767,680 (15.1%) | 候選:607 | 剩~32分鐘
[05:55]    5,000,000/32,767,680 (15.3%) | 候選:622 | 剩~34分鐘
[05:58]    5,050,000/32,767,680 (15.4%) | 候選:633 | 剩~33分鐘
[06:02]    5,100,000/32,767,680 (15.6%) | 候選:637 | 剩~33分鐘
[06:06]    5,150,000/32,767,680 (15.7%) | 候選:638 | 剩~34分鐘
[06:09]    5,200,000/32,767,680 (15.9%) | 候選:638 | 剩~34分鐘
[06:13]    5,250,000/32,767,680 (16.0%) | 候選:638 | 剩~32分鐘
[06:16]    5,300,000/32,767,680 (16.2%) | 候選:638 | 剩~31分鐘
[06:20]    5,350,000/32,767,680 (16.3%) | 候選:638 | 剩~31分鐘
[06:23]    5,400,000/32,767,680 (16.5%) | 候選:638 | 剩~33分鐘
[06:27]    5,450,000/32,767,680 (16.6%) | 候選:638 | 剩~32分鐘
[06:30]    5,500,000/32,767,680 (16.8%) | 候選:638 | 剩~31分鐘
[06:34]    5,550,000/32,767,680 (16.9%) | 候選:641 | 剩~33分鐘
[06:37]    5,600,000/32,767,680 (17.1%) | 候選:647 | 剩~33分鐘
[06:41]    5,650,000/32,767,680 (17.2%) | 候選:647 | 剩~34分鐘
[06:45]    5,700,000/32,767,680 (17.4%) | 候選:648 | 剩~33分鐘
[06:48]    5,750,000/32,767,680 (17.5%) | 候選:648 | 剩~33分鐘
[06:52]    5,800,000/32,767,680 (17.7%) | 候選:648 | 剩~33分鐘
[06:56]    5,850,000/32,767,680 (17.9%) | 候選:648 | 剩~33分鐘
[06:59]    5,900,000/32,767,680 (18.0%) | 候選:648 | 剩~31分鐘
[07:03]    5,950,000/32,767,680 (18.2%) | 候選:648 | 剩~31分鐘
[07:06]    6,000,000/32,767,680 (18.3%) | 候選:648 | 剩~32分鐘
[07:10]    6,050,000/32,767,680 (18.5%) | 候選:649 | 剩~32分鐘
[07:14]    6,100,000/32,767,680 (18.6%) | 候選:651 | 剩~32分鐘
[07:17]    6,150,000/32,767,680 (18.8%) | 候選:652 | 剩~33分鐘
[07:21]    6,200,000/32,767,680 (18.9%) | 候選:652 | 剩~32分鐘
[07:24]    6,250,000/32,767,680 (19.1%) | 候選:652 | 剩~31分鐘
[07:28]    6,300,000/32,767,680 (19.2%) | 候選:652 | 剩~31分鐘
[07:31]    6,350,000/32,767,680 (19.4%) | 候選:652 | 剩~30分鐘
[07:35]    6,400,000/32,767,680 (19.5%) | 候選:652 | 剩~29分鐘
[07:38]    6,450,000/32,767,680 (19.7%) | 候選:652 | 剩~29分鐘
[07:41]    6,500,000/32,767,680 (19.8%) | 候選:652 | 剩~31分鐘
[07:45]    6,550,000/32,767,680 (20.0%) | 候選:652 | 剩~30分鐘
[07:49]    6,600,000/32,767,680 (20.1%) | 候選:658 | 剩~32分鐘
[07:52]    6,650,000/32,767,680 (20.3%) | 候選:677 | 剩~34分鐘
[07:56]    6,700,000/32,767,680 (20.4%) | 候選:687 | 剩~33分鐘
[08:00]    6,750,000/32,767,680 (20.6%) | 候選:701 | 剩~32分鐘
[08:04]    6,800,000/32,767,680 (20.8%) | 候選:704 | 剩~33分鐘
[08:08]    6,850,000/32,767,680 (20.9%) | 候選:708 | 剩~33分鐘
[08:11]    6,900,000/32,767,680 (21.1%) | 候選:708 | 剩~31分鐘
[08:15]    6,950,000/32,767,680 (21.2%) | 候選:708 | 剩~30分鐘
[08:18]    7,000,000/32,767,680 (21.4%) | 候選:708 | 剩~30分鐘
[08:22]    7,050,000/32,767,680 (21.5%) | 候選:708 | 剩~30分鐘
[08:25]    7,100,000/32,767,680 (21.7%) | 候選:709 | 剩~30分鐘
[08:29]    7,150,000/32,767,680 (21.8%) | 候選:727 | 剩~32分鐘
[08:33]    7,200,000/32,767,680 (22.0%) | 候選:741 | 剩~32分鐘
[08:36]    7,250,000/32,767,680 (22.1%) | 候選:744 | 剩~32分鐘
[08:40]    7,300,000/32,767,680 (22.3%) | 候選:752 | 剩~33分鐘
[08:44]    7,350,000/32,767,680 (22.4%) | 候選:753 | 剩~31分鐘
[08:47]    7,400,000/32,767,680 (22.6%) | 候選:753 | 剩~30分鐘
[08:51]    7,450,000/32,767,680 (22.7%) | 候選:753 | 剩~30分鐘
[08:55]    7,500,000/32,767,680 (22.9%) | 候選:753 | 剩~31分鐘
[08:58]    7,550,000/32,767,680 (23.0%) | 候選:753 | 剩~30分鐘
[09:02]    7,600,000/32,767,680 (23.2%) | 候選:753 | 剩~29分鐘
[09:05]    7,650,000/32,767,680 (23.3%) | 候選:755 | 剩~30分鐘
[09:09]    7,700,000/32,767,680 (23.5%) | 候選:764 | 剩~31分鐘
[09:13]    7,750,000/32,767,680 (23.7%) | 候選:769 | 剩~30分鐘
[09:16]    7,800,000/32,767,680 (23.8%) | 候選:771 | 剩~30分鐘
[09:20]    7,850,000/32,767,680 (24.0%) | 候選:771 | 剩~31分鐘
[09:24]    7,900,000/32,767,680 (24.1%) | 候選:771 | 剩~29分鐘
[09:27]    7,950,000/32,767,680 (24.3%) | 候選:771 | 剩~29分鐘
[09:31]    8,000,000/32,767,680 (24.4%) | 候選:771 | 剩~29分鐘
[09:34]    8,050,000/32,767,680 (24.6%) | 候選:771 | 剩~29分鐘
[09:38]    8,100,000/32,767,680 (24.7%) | 候選:771 | 剩~29分鐘
[09:41]    8,150,000/32,767,680 (24.9%) | 候選:771 | 剩~29分鐘
[09:45]    8,200,000/32,767,680 (25.0%) | 候選:771 | 剩~28分鐘
[09:48]    8,250,000/32,767,680 (25.2%) | 候選:771 | 剩~28分鐘
[09:52]    8,300,000/32,767,680 (25.3%) | 候選:771 | 剩~28分鐘
[09:55]    8,350,000/32,767,680 (25.5%) | 候選:771 | 剩~28分鐘
[09:58]    8,400,000/32,767,680 (25.6%) | 候選:771 | 剩~28分鐘
[10:02]    8,450,000/32,767,680 (25.8%) | 候選:771 | 剩~29分鐘
[10:06]    8,500,000/32,767,680 (25.9%) | 候選:771 | 剩~29分鐘
[10:09]    8,550,000/32,767,680 (26.1%) | 候選:771 | 剩~30分鐘
[10:13]    8,600,000/32,767,680 (26.2%) | 候選:771 | 剩~28分鐘
[10:16]    8,650,000/32,767,680 (26.4%) | 候選:771 | 剩~28分鐘
[10:20]    8,700,000/32,767,680 (26.6%) | 候選:771 | 剩~29分鐘
[10:23]    8,750,000/32,767,680 (26.7%) | 候選:771 | 剩~28分鐘
[10:27]    8,800,000/32,767,680 (26.9%) | 候選:771 | 剩~28分鐘
[10:30]    8,850,000/32,767,680 (27.0%) | 候選:771 | 剩~28分鐘
[10:34]    8,900,000/32,767,680 (27.2%) | 候選:771 | 剩~28分鐘
[10:37]    8,950,000/32,767,680 (27.3%) | 候選:775 | 剩~29分鐘
[10:41]    9,000,000/32,767,680 (27.5%) | 候選:776 | 剩~29分鐘
[10:45]    9,050,000/32,767,680 (27.6%) | 候選:784 | 剩~29分鐘
